<?xml version="1.0" encoding="UTF-8"?>
<!-- Generated by org.testng.reporters.JUnitReportReporter -->
<testsuite hostname="jinavshivu" failures="0" tests="1" name="com.demoaut.newtours.script.ValidationFlightBooking" time="291.056" errors="0" timestamp="29 May 2020 13:35:22 GMT" skipped="0">
  <testcase classname="com.demoaut.newtours.script.ValidationFlightBooking" name="verifyflight" time="291.056"/>
</testsuite> <!-- com.demoaut.newtours.script.ValidationFlightBooking -->
